Add component (AddParameter): Name = "Publisher"; Value = "seyed mohsen ghasemian"; VariantName = "[No Variations]"
Added Component: Designator=D1(D 50mm)
Add component. Clean all parameters for all variants
Add component (AddParameter): Name = "Publisher"; Value = "seyed mohsen ghasemian"; VariantName = "[No Variations]"
Add component (AddParameter): Name = "Publisher"; Value = "seyed mohsen ghasemian"; VariantName = "[No Variations]"
Added Component: Designator=D2(D 50mm)
Add component. Clean all parameters for all variants
Add component (AddParameter): Name = "Publisher"; Value = "seyed mohsen ghasemian"; VariantName = "[No Variations]"
Add component (AddParameter): Name = "ComponentLinkURL"; Value = "www.picpars.com"; VariantName = "[No Variations]"
Add component (AddParameter): Name = "Designer"; Value = "Seyed Mohsen Ghasemain"; VariantName = "[No Variations]"
Add component (AddParameter): Name = "E-mail"; Value = "picpars@gmail.com"; VariantName = "[No Variations]"
Added Component: Designator=INPUT_TERMINAL_COMMON(Terminal 1*3)
Add component. Clean all parameters for all variants
Add component (AddParameter): Name = "ComponentLinkURL"; Value = "www.picpars.com"; VariantName = "[No Variations]"
Add component (AddParameter): Name = "Designer"; Value = "Seyed Mohsen Ghasemain"; VariantName = "[No Variations]"
Add component (AddParameter): Name = "E-mail"; Value = "picpars@gmail.com"; VariantName = "[No Variations]"
Add component (AddParameter): Name = "Company"; Value = "E.P.I.L"; VariantName = "[No Variations]"
Add component (AddParameter): Name = "Design_Date"; Value = "2011/10/31"; VariantName = "[No Variations]"
Add component (AddParameter): Name = "Designer"; Value = "Eng. Saeid Jorablo"; VariantName = "[No Variations]"
Added Component: Designator=K1_A(Relay 15.40x12.10x13.10)
Add component. Clean all parameters for all variants
Add component (AddParameter): Name = "Company"; Value = "E.P.I.L"; VariantName = "[No Variations]"
Add component (AddParameter): Name = "Design_Date"; Value = "2011/10/31"; VariantName = "[No Variations]"
Add component (AddParameter): Name = "Designer"; Value = "Eng. Saeid Jorablo"; VariantName = "[No Variations]"
Add component (AddParameter): Name = "Company"; Value = "E.P.I.L"; VariantName = "[No Variations]"
Add component (AddParameter): Name = "Design_Date"; Value = "2011/10/31"; VariantName = "[No Variations]"
Add component (AddParameter): Name = "Designer"; Value = "Eng. Saeid Jorablo"; VariantName = "[No Variations]"
Added Component: Designator=K1_B(Relay 15.40x12.10x13.10)
Add component. Clean all parameters for all variants
Add component (AddParameter): Name = "Company"; Value = "E.P.I.L"; VariantName = "[No Variations]"
Add component (AddParameter): Name = "Design_Date"; Value = "2011/10/31"; VariantName = "[No Variations]"
Add component (AddParameter): Name = "Designer"; Value = "Eng. Saeid Jorablo"; VariantName = "[No Variations]"
Add component (AddParameter): Name = "ComponentLinkURL"; Value = "www.picpars.com"; VariantName = "[No Variations]"
Add component (AddParameter): Name = "Designer"; Value = "Seyed Mohsen Ghasemain"; VariantName = "[No Variations]"
Added Component: Designator=K2_A(Relays)
Add component. Clean all parameters for all variants
Add component (AddParameter): Name = "ComponentLinkURL"; Value = "www.picpars.com"; VariantName = "[No Variations]"
Add component (AddParameter): Name = "Designer"; Value = "Seyed Mohsen Ghasemain"; VariantName = "[No Variations]"
Add component (AddParameter): Name = "ComponentLinkURL"; Value = "www.picpars.com"; VariantName = "[No Variations]"
Add component (AddParameter): Name = "Designer"; Value = "Seyed Mohsen Ghasemain"; VariantName = "[No Variations]"
Added Component: Designator=K2_B(Relays)
Add component. Clean all parameters for all variants
Add component (AddParameter): Name = "ComponentLinkURL"; Value = "www.picpars.com"; VariantName = "[No Variations]"
Add component (AddParameter): Name = "Designer"; Value = "Seyed Mohsen Ghasemain"; VariantName = "[No Variations]"
Add component (AddParameter): Name = "ComponentLinkURL"; Value = "www.picpars.com"; VariantName = "[No Variations]"
Add component (AddParameter): Name = "Designer"; Value = "Seyed Mohsen Ghasemain"; VariantName = "[No Variations]"
Add component (AddParameter): Name = "E-mail"; Value = "picpars@gmail.com"; VariantName = "[No Variations]"
Added Component: Designator=relay_contoct_terminal1(Terminal 1*3)
Add component. Clean all parameters for all variants
Add component (AddParameter): Name = "ComponentLinkURL"; Value = "www.picpars.com"; VariantName = "[No Variations]"
Add component (AddParameter): Name = "Designer"; Value = "Seyed Mohsen Ghasemain"; VariantName = "[No Variations]"
Add component (AddParameter): Name = "E-mail"; Value = "picpars@gmail.com"; VariantName = "[No Variations]"
Add component (AddParameter): Name = "ComponentLinkURL"; Value = "www.picpars.com"; VariantName = "[No Variations]"
Add component (AddParameter): Name = "Designer"; Value = "Seyed Mohsen Ghasemain"; VariantName = "[No Variations]"
Add component (AddParameter): Name = "E-mail"; Value = "picpars@gmail.com"; VariantName = "[No Variations]"
Added Component: Designator=relay_contoct_terminal2(Terminal 1*3)
Add component. Clean all parameters for all variants
Add component (AddParameter): Name = "ComponentLinkURL"; Value = "www.picpars.com"; VariantName = "[No Variations]"
Add component (AddParameter): Name = "Designer"; Value = "Seyed Mohsen Ghasemain"; VariantName = "[No Variations]"
Add component (AddParameter): Name = "E-mail"; Value = "picpars@gmail.com"; VariantName = "[No Variations]"
Added Pin To Net: NetName=NetD1_1 Pin=D1-1
Added Pin To Net: NetName=VCC Pin=D1-2
Added Pin To Net: NetName=NetD2_1 Pin=D2-1
Added Pin To Net: NetName=VCC Pin=D2-2
Added Pin To Net: NetName=VCC Pin=INPUT_TERMINAL_COMMON-1
Added Pin To Net: NetName=NetD1_1 Pin=INPUT_TERMINAL_COMMON-2
Added Pin To Net: NetName=NetD2_1 Pin=INPUT_TERMINAL_COMMON-3
Added Pin To Net: NetName=NetK1_A_1 Pin=K1_A-1
Added Pin To Net: NetName=NetK1_A_2 Pin=K1_A-2
Added Pin To Net: NetName=NetK1_A_3 Pin=K1_A-3
Added Pin To Net: NetName=VCC Pin=K1_A-4
Added Pin To Net: NetName=NetD1_1 Pin=K1_A-5
Added Pin To Net: NetName=NetK1_A_1 Pin=K1_B-1
Added Pin To Net: NetName=NetK1_A_2 Pin=K1_B-2
Added Pin To Net: NetName=NetK1_A_3 Pin=K1_B-3
Added Pin To Net: NetName=VCC Pin=K1_B-4
Added Pin To Net: NetName=NetD2_1 Pin=K1_B-5
Added Pin To Net: NetName=NetK1_A_1 Pin=K2_A-1
Added Pin To Net: NetName=NetK1_A_2 Pin=K2_A-2
Added Pin To Net: NetName=NetK1_A_3 Pin=K2_A-3
Added Pin To Net: NetName=VCC Pin=K2_A-4
Added Pin To Net: NetName=NetD1_1 Pin=K2_A-5
Added Pin To Net: NetName=NetK1_A_1 Pin=K2_B-1
Added Pin To Net: NetName=NetK1_A_2 Pin=K2_B-2
Added Pin To Net: NetName=NetK1_A_3 Pin=K2_B-3
Added Pin To Net: NetName=VCC Pin=K2_B-4
Added Pin To Net: NetName=NetD2_1 Pin=K2_B-5
Added Pin To Net: NetName=NetK1_A_2 Pin=relay_contoct_terminal1-1
Added Pin To Net: NetName=NetK1_A_1 Pin=relay_contoct_terminal1-2
Added Pin To Net: NetName=NetK1_A_3 Pin=relay_contoct_terminal1-3
Added Pin To Net: NetName=NetK1_A_2 Pin=relay_contoct_terminal2-1
Added Pin To Net: NetName=NetK1_A_1 Pin=relay_contoct_terminal2-2
Added Pin To Net: NetName=NetK1_A_3 Pin=relay_contoct_terminal2-3
Added Member To Class: ClassName=Dual_Channel_Common_VCC Member=Component D1 Diode 1N4007 vertical
Added Member To Class: ClassName=Dual_Channel_Common_VCC Member=Component D2 Diode 1N4007 vertical
Added Member To Class: ClassName=Dual_Channel_Common_VCC Member=Component INPUT_TERMINAL_COMMON Terminal
Added Member To Class: ClassName=Dual_Channel_Common_VCC Member=Component K1_A Relay
Added Member To Class: ClassName=Dual_Channel_Common_VCC Member=Component K1_B Relay
Added Member To Class: ClassName=Dual_Channel_Common_VCC Member=Component K2_A Relay-05vDC
Added Member To Class: ClassName=Dual_Channel_Common_VCC Member=Component K2_B Relay-05vDC
Added Member To Class: ClassName=Dual_Channel_Common_VCC Member=Component relay_contoct_terminal1 Terminal
Added Member To Class: ClassName=Dual_Channel_Common_VCC Member=Component relay_contoct_terminal2 Terminal
Added Room: Name=Dual_Channel_Common_VCC
